# JRE version: OpenJDK Runtime Environment JBR-17.0.6+10-829.5-jcef (17.0.6+10) (build 17.0.6+10-b829.5)
# Java VM: OpenJDK 64-Bit Server VM JBR-17.0.6+10-829.5-jcef (17.0.6+10-b829.5, mixed mode, tiered, compressed oops, compressed class ptrs, g1 gc, windows-amd64)
GC Precious Log:
 CPUs: 8 total, 8 available
 Memory: 32682M
 Large Page Support: Disabled
 NUMA Support: Disabled
 Compressed Oops: Enabled (32-bit)
 Heap Region Size: 1M
 Heap Min Capacity: 256M
 Heap Initial Capacity: 256M
 Heap Max Capacity: 512M
 Pre-touch: Disabled
 Parallel Workers: 8
 Concurrent Workers: 2
 Concurrent Refinement Workers: 8
 Periodic GC: Disabled
Heap:
 garbage-first heap   total 262144K, used 216161K [0x00000000e0000000, 0x0000000100000000)
  region size 1024K, 67 young (68608K), 2 survivors (2048K)
 Metaspace       used 99964K, committed 101248K, reserved 303104K
  class space    used 13280K, committed 13888K, reserved 212992K
GC Heap History (20 events):
Event: 2.990 GC heap before
{Heap before GC invocations=5 (full 0):
 garbage-first heap   total 262144K, used 52853K [0x00000000e0000000, 0x0000000100000000)
  region size 1024K, 17 young (17408K), 16 survivors (16384K)
 Metaspace       used 36033K, committed 36288K, reserved 245760K
  class space    used 4933K, committed 5056K, reserved 212992K
}
Event: 2.995 GC heap after
{Heap after GC invocations=6 (full 0):
 garbage-first heap   total 262144K, used 54392K [0x00000000e0000000, 0x0000000100000000)
  region size 1024K, 2 young (2048K), 2 survivors (2048K)
 Metaspace       used 36033K, committed 36288K, reserved 245760K
  class space    used 4933K, committed 5056K, reserved 212992K
}
Event: 3.001 GC heap before
{Heap before GC invocations=6 (full 0):
 garbage-first heap   total 262144K, used 54392K [0x00000000e0000000, 0x0000000100000000)
  region size 1024K, 3 young (3072K), 2 survivors (2048K)
 Metaspace       used 36127K, committed 36416K, reserved 245760K
  class space    used 4936K, committed 5056K, reserved 212992K
}
Event: 3.002 GC heap after
{Heap after GC invocations=7 (full 0):
 garbage-first heap   total 262144K, used 52984K [0x00000000e0000000, 0x0000000100000000)
  region size 1024K, 1 young (1024K), 1 survivors (1024K)
 Metaspace       used 36127K, committed 36416K, reserved 245760K
  class space    used 4936K, committed 5056K, reserved 212992K
}
Event: 5.427 GC heap before
{Heap before GC invocations=8 (full 0):
 garbage-first heap   total 262144K, used 201464K [0x00000000e0000000, 0x0000000100000000)
  region size 1024K, 138 young (141312K), 1 survivors (1024K)
 Metaspace       used 55466K, committed 55936K, reserved 262144K
  class space    used 7211K, committed 7424K, reserved 212992K
}
Event: 5.433 GC heap after
{Heap after GC invocations=9 (full 0):
 garbage-first heap   total 262144K, used 72571K [0x00000000e0000000, 0x0000000100000000)
  region size 1024K, 15 young (15360K), 15 survivors (15360K)
 Metaspace       used 55466K, committed 55936K, reserved 262144K
  class space    used 7211K, committed 7424K, reserved 212992K
}
Event: 6.657 GC heap before
{Heap before GC invocations=9 (full 0):
 garbage-first heap   total 262144K, used 116603K [0x00000000e0000000, 0x0000000100000000)
  region size 1024K, 59 young (60416K), 15 survivors (15360K)
 Metaspace       used 60608K, committed 61120K, reserved 270336K
  class space    used 7978K, committed 8192K, reserved 212992K
}
Event: 6.663 GC heap after
{Heap after GC invocations=10 (full 0):
 garbage-first heap   total 262144K, used 76211K [0x00000000e0000000, 0x0000000100000000)
  region size 1024K, 5 young (5120K), 5 survivors (5120K)
 Metaspace       used 60608K, committed 61120K, reserved 270336K
  class space    used 7978K, committed 8192K, reserved 212992K
}
Event: 8.565 GC heap before
{Heap before GC invocations=11 (full 0):
 garbage-first heap   total 262144K, used 206259K [0x00000000e0000000, 0x0000000100000000)
  region size 1024K, 128 young (131072K), 5 survivors (5120K)
 Metaspace       used 70243K, committed 70912K, reserved 278528K
  class space    used 9330K, committed 9664K, reserved 212992K
}
Event: 8.572 GC heap after
{Heap after GC invocations=12 (full 0):
 garbage-first heap   total 262144K, used 92390K [0x00000000e0000000, 0x0000000100000000)
  region size 1024K, 16 young (16384K), 16 survivors (16384K)
 Metaspace       used 70243K, committed 70912K, reserved 278528K
  class space    used 9330K, committed 9664K, reserved 212992K
}
Event: 10.745 GC heap before
{Heap before GC invocations=12 (full 0):
 garbage-first heap   total 262144K, used 227558K [0x00000000e0000000, 0x0000000100000000)
  region size 1024K, 122 young (124928K), 16 survivors (16384K)
 Metaspace       used 79465K, committed 80256K, reserved 286720K
  class space    used 10448K, committed 10816K, reserved 212992K
}
Event: 10.754 GC heap after
{Heap after GC invocations=13 (full 0):
 garbage-first heap   total 262144K, used 133089K [0x00000000e0000000, 0x0000000100000000)
  region size 1024K, 13 young (13312K), 13 survivors (13312K)
 Metaspace       used 79465K, committed 80256K, reserved 286720K
  class space    used 10448K, committed 10816K, reserved 212992K
}
Event: 11.857 GC heap before
{Heap before GC invocations=13 (full 0):
 garbage-first heap   total 262144K, used 212961K [0x00000000e0000000, 0x0000000100000000)
  region size 1024K, 91 young (93184K), 13 survivors (13312K)
 Metaspace       used 87507K, committed 88320K, reserved 294912K
  class space    used 11521K, committed 11904K, reserved 212992K
}
Event: 11.862 GC heap after
{Heap after GC invocations=14 (full 0):
 garbage-first heap   total 262144K, used 139356K [0x00000000e0000000, 0x0000000100000000)
  region size 1024K, 7 young (7168K), 7 survivors (7168K)
 Metaspace       used 87507K, committed 88320K, reserved 294912K
  class space    used 11521K, committed 11904K, reserved 212992K
}
Event: 12.562 GC heap before
{Heap before GC invocations=15 (full 0):
 garbage-first heap   total 262144K, used 210012K [0x00000000e0000000, 0x0000000100000000)
  region size 1024K, 78 young (79872K), 7 survivors (7168K)
 Metaspace       used 91333K, committed 92480K, reserved 294912K
  class space    used 12041K, committed 12608K, reserved 212992K
}
Event: 12.568 GC heap after
{Heap after GC invocations=16 (full 0):
 garbage-first heap   total 262144K, used 146498K [0x00000000e0000000, 0x0000000100000000)
  region size 1024K, 8 young (8192K), 8 survivors (8192K)
 Metaspace       used 91333K, committed 92480K, reserved 294912K
  class space    used 12041K, committed 12608K, reserved 212992K
}
Event: 710.310 GC heap before
{Heap before GC invocations=17 (full 0):
 garbage-first heap   total 262144K, used 215106K [0x00000000e0000000, 0x0000000100000000)
  region size 1024K, 75 young (76800K), 8 survivors (8192K)
 Metaspace       used 95441K, committed 96576K, reserved 303104K
  class space    used 12676K, committed 13184K, reserved 212992K
}
Event: 710.316 GC heap after
{Heap after GC invocations=18 (full 0):
 garbage-first heap   total 262144K, used 150480K [0x00000000e0000000, 0x0000000100000000)
  region size 1024K, 4 young (4096K), 4 survivors (4096K)
 Metaspace       used 95441K, committed 96576K, reserved 303104K
  class space    used 12676K, committed 13184K, reserved 212992K
}
Event: 710.417 GC heap before
{Heap before GC invocations=18 (full 0):
 garbage-first heap   total 262144K, used 157648K [0x00000000e0000000, 0x0000000100000000)
  region size 1024K, 12 young (12288K), 4 survivors (4096K)
 Metaspace       used 96690K, committed 97792K, reserved 303104K
  class space    used 12812K, committed 13312K, reserved 212992K
}
Event: 710.420 GC heap after
{Heap after GC invocations=19 (full 0):
 garbage-first heap   total 262144K, used 150625K [0x00000000e0000000, 0x0000000100000000)
  region size 1024K, 2 young (2048K), 2 survivors (2048K)
 Metaspace       used 96690K, committed 97792K, reserved 303104K
  class space    used 12812K, committed 13312K, reserved 212992K
}

